<?xml version="1.0" encoding="UTF-8"?>
<testsuite xmlns:xsi="http://www.w3.org/2001/XMLSchema-instance" xsi:noNamespaceSchemaLocation="https://maven.apache.org/surefire/maven-surefire-plugin/xsd/surefire-test-report.xsd" name="exchangeRateConvert.SyncQueryDataTest" time="0.012" tests="0" errors="0" skipped="0" failures="0">
  <properties>
    <property name="sun.desktop" value="windows"/>
    <property name="awt.toolkit" value="sun.awt.windows.WToolkit"/>
    <property name="file.encoding.pkg" value="sun.io"/>
    <property name="java.specification.version" value="1.8"/>
    <property name="sun.cpu.isalist" value="amd64"/>
    <property name="sun.jnu.encoding" value="GBK"/>
    <property name="java.class.path" value="D:\l\JavaWordspace_new\exchangeRateConvert\target\test-classes;D:\l\JavaWordspace_new\exchangeRateConvert\target\classes;D:\l\mavenpack\org\springframework\boot\spring-boot-starter-web\2.1.1.RELEASE\spring-boot-starter-web-2.1.1.RELEASE.jar;D:\l\mavenpack\org\springframework\boot\spring-boot-starter\2.1.1.RELEASE\spring-boot-starter-2.1.1.RELEASE.jar;D:\l\mavenpack\org\springframework\boot\spring-boot\2.1.1.RELEASE\spring-boot-2.1.1.RELEASE.jar;D:\l\mavenpack\org\springframework\boot\spring-boot-autoconfigure\2.1.1.RELEASE\spring-boot-autoconfigure-2.1.1.RELEASE.jar;D:\l\mavenpack\org\springframework\boot\spring-boot-starter-logging\2.1.1.RELEASE\spring-boot-starter-logging-2.1.1.RELEASE.jar;D:\l\mavenpack\ch\qos\logback\logback-classic\1.2.3\logback-classic-1.2.3.jar;D:\l\mavenpack\ch\qos\logback\logback-core\1.2.3\logback-core-1.2.3.jar;D:\l\mavenpack\org\slf4j\slf4j-api\1.7.25\slf4j-api-1.7.25.jar;D:\l\mavenpack\org\apache\logging\log4j\log4j-to-slf4j\2.11.1\log4j-to-slf4j-2.11.1.jar;D:\l\mavenpack\org\apache\logging\log4j\log4j-api\2.11.1\log4j-api-2.11.1.jar;D:\l\mavenpack\org\slf4j\jul-to-slf4j\1.7.25\jul-to-slf4j-1.7.25.jar;D:\l\mavenpack\javax\annotation\javax.annotation-api\1.3.2\javax.annotation-api-1.3.2.jar;D:\l\mavenpack\org\springframework\spring-core\5.1.3.RELEASE\spring-core-5.1.3.RELEASE.jar;D:\l\mavenpack\org\springframework\spring-jcl\5.1.3.RELEASE\spring-jcl-5.1.3.RELEASE.jar;D:\l\mavenpack\org\yaml\snakeyaml\1.23\snakeyaml-1.23.jar;D:\l\mavenpack\org\springframework\boot\spring-boot-starter-json\2.1.1.RELEASE\spring-boot-starter-json-2.1.1.RELEASE.jar;D:\l\mavenpack\com\fasterxml\jackson\core\jackson-databind\2.9.7\jackson-databind-2.9.7.jar;D:\l\mavenpack\com\fasterxml\jackson\core\jackson-annotations\2.9.0\jackson-annotations-2.9.0.jar;D:\l\mavenpack\com\fasterxml\jackson\core\jackson-core\2.9.7\jackson-core-2.9.7.jar;D:\l\mavenpack\com\fasterxml\jackson\datatype\jackson-datatype-jdk8\2.9.7\jackson-datatype-jdk8-2.9.7.jar;D:\l\mavenpack\com\fasterxml\jackson\datatype\jackson-datatype-jsr310\2.9.7\jackson-datatype-jsr310-2.9.7.jar;D:\l\mavenpack\com\fasterxml\jackson\module\jackson-module-parameter-names\2.9.7\jackson-module-parameter-names-2.9.7.jar;D:\l\mavenpack\org\hibernate\validator\hibernate-validator\6.0.13.Final\hibernate-validator-6.0.13.Final.jar;D:\l\mavenpack\javax\validation\validation-api\2.0.1.Final\validation-api-2.0.1.Final.jar;D:\l\mavenpack\org\jboss\logging\jboss-logging\3.3.2.Final\jboss-logging-3.3.2.Final.jar;D:\l\mavenpack\com\fasterxml\classmate\1.4.0\classmate-1.4.0.jar;D:\l\mavenpack\org\springframework\spring-web\5.1.3.RELEASE\spring-web-5.1.3.RELEASE.jar;D:\l\mavenpack\org\springframework\spring-beans\5.1.3.RELEASE\spring-beans-5.1.3.RELEASE.jar;D:\l\mavenpack\org\springframework\spring-webmvc\5.1.3.RELEASE\spring-webmvc-5.1.3.RELEASE.jar;D:\l\mavenpack\org\springframework\spring-aop\5.1.3.RELEASE\spring-aop-5.1.3.RELEASE.jar;D:\l\mavenpack\org\springframework\spring-context\5.1.3.RELEASE\spring-context-5.1.3.RELEASE.jar;D:\l\mavenpack\org\springframework\spring-expression\5.1.3.RELEASE\spring-expression-5.1.3.RELEASE.jar;D:\l\mavenpack\javax\servlet\javax.servlet-api\4.0.1\javax.servlet-api-4.0.1.jar;D:\l\mavenpack\cn\hutool\hutool-all\4.1.19\hutool-all-4.1.19.jar;D:\l\mavenpack\org\springframework\boot\spring-boot-configuration-processor\2.1.1.RELEASE\spring-boot-configuration-processor-2.1.1.RELEASE.jar;"/>
    <property name="java.vm.vendor" value="Oracle Corporation"/>
    <property name="sun.arch.data.model" value="64"/>
    <property name="user.variant" value=""/>
    <property name="java.vendor.url" value="http://java.oracle.com/"/>
    <property name="user.timezone" value="Asia/Shanghai"/>
    <property name="java.vm.specification.version" value="1.8"/>
    <property name="os.name" value="Windows 10"/>
    <property name="user.country" value="CN"/>
    <property name="sun.java.launcher" value="SUN_STANDARD"/>
    <property name="sun.boot.library.path" value="D:\Program Files\Java\jdk1.8.0_152\jre\bin"/>
    <property name="sun.java.command" value="C:\Users\l\AppData\Local\Temp\surefire2523589482720678204\surefirebooter5362355876942293829.jar C:\Users\l\AppData\Local\Temp\surefire2523589482720678204 2021-07-09T23-58-48_159-jvmRun1 surefire2855349642749358591tmp surefire_0210566078766043034tmp"/>
    <property name="surefire.test.class.path" value="D:\l\JavaWordspace_new\exchangeRateConvert\target\test-classes;D:\l\JavaWordspace_new\exchangeRateConvert\target\classes;D:\l\mavenpack\org\springframework\boot\spring-boot-starter-web\2.1.1.RELEASE\spring-boot-starter-web-2.1.1.RELEASE.jar;D:\l\mavenpack\org\springframework\boot\spring-boot-starter\2.1.1.RELEASE\spring-boot-starter-2.1.1.RELEASE.jar;D:\l\mavenpack\org\springframework\boot\spring-boot\2.1.1.RELEASE\spring-boot-2.1.1.RELEASE.jar;D:\l\mavenpack\org\springframework\boot\spring-boot-autoconfigure\2.1.1.RELEASE\spring-boot-autoconfigure-2.1.1.RELEASE.jar;D:\l\mavenpack\org\springframework\boot\spring-boot-starter-logging\2.1.1.RELEASE\spring-boot-starter-logging-2.1.1.RELEASE.jar;D:\l\mavenpack\ch\qos\logback\logback-classic\1.2.3\logback-classic-1.2.3.jar;D:\l\mavenpack\ch\qos\logback\logback-core\1.2.3\logback-core-1.2.3.jar;D:\l\mavenpack\org\slf4j\slf4j-api\1.7.25\slf4j-api-1.7.25.jar;D:\l\mavenpack\org\apache\logging\log4j\log4j-to-slf4j\2.11.1\log4j-to-slf4j-2.11.1.jar;D:\l\mavenpack\org\apache\logging\log4j\log4j-api\2.11.1\log4j-api-2.11.1.jar;D:\l\mavenpack\org\slf4j\jul-to-slf4j\1.7.25\jul-to-slf4j-1.7.25.jar;D:\l\mavenpack\javax\annotation\javax.annotation-api\1.3.2\javax.annotation-api-1.3.2.jar;D:\l\mavenpack\org\springframework\spring-core\5.1.3.RELEASE\spring-core-5.1.3.RELEASE.jar;D:\l\mavenpack\org\springframework\spring-jcl\5.1.3.RELEASE\spring-jcl-5.1.3.RELEASE.jar;D:\l\mavenpack\org\yaml\snakeyaml\1.23\snakeyaml-1.23.jar;D:\l\mavenpack\org\springframework\boot\spring-boot-starter-json\2.1.1.RELEASE\spring-boot-starter-json-2.1.1.RELEASE.jar;D:\l\mavenpack\com\fasterxml\jackson\core\jackson-databind\2.9.7\jackson-databind-2.9.7.jar;D:\l\mavenpack\com\fasterxml\jackson\core\jackson-annotations\2.9.0\jackson-annotations-2.9.0.jar;D:\l\mavenpack\com\fasterxml\jackson\core\jackson-core\2.9.7\jackson-core-2.9.7.jar;D:\l\mavenpack\com\fasterxml\jackson\datatype\jackson-datatype-jdk8\2.9.7\jackson-datatype-jdk8-2.9.7.jar;D:\l\mavenpack\com\fasterxml\jackson\datatype\jackson-datatype-jsr310\2.9.7\jackson-datatype-jsr310-2.9.7.jar;D:\l\mavenpack\com\fasterxml\jackson\module\jackson-module-parameter-names\2.9.7\jackson-module-parameter-names-2.9.7.jar;D:\l\mavenpack\org\hibernate\validator\hibernate-validator\6.0.13.Final\hibernate-validator-6.0.13.Final.jar;D:\l\mavenpack\javax\validation\validation-api\2.0.1.Final\validation-api-2.0.1.Final.jar;D:\l\mavenpack\org\jboss\logging\jboss-logging\3.3.2.Final\jboss-logging-3.3.2.Final.jar;D:\l\mavenpack\com\fasterxml\classmate\1.4.0\classmate-1.4.0.jar;D:\l\mavenpack\org\springframework\spring-web\5.1.3.RELEASE\spring-web-5.1.3.RELEASE.jar;D:\l\mavenpack\org\springframework\spring-beans\5.1.3.RELEASE\spring-beans-5.1.3.RELEASE.jar;D:\l\mavenpack\org\springframework\spring-webmvc\5.1.3.RELEASE\spring-webmvc-5.1.3.RELEASE.jar;D:\l\mavenpack\org\springframework\spring-aop\5.1.3.RELEASE\spring-aop-5.1.3.RELEASE.jar;D:\l\mavenpack\org\springframework\spring-context\5.1.3.RELEASE\spring-context-5.1.3.RELEASE.jar;D:\l\mavenpack\org\springframework\spring-expression\5.1.3.RELEASE\spring-expression-5.1.3.RELEASE.jar;D:\l\mavenpack\javax\servlet\javax.servlet-api\4.0.1\javax.servlet-api-4.0.1.jar;D:\l\mavenpack\cn\hutool\hutool-all\4.1.19\hutool-all-4.1.19.jar;D:\l\mavenpack\org\springframework\boot\spring-boot-configuration-processor\2.1.1.RELEASE\spring-boot-configuration-processor-2.1.1.RELEASE.jar;"/>
    <property name="sun.cpu.endian" value="little"/>
    <property name="user.home" value="C:\Users\l"/>
    <property name="user.language" value="zh"/>
    <property name="java.specification.vendor" value="Oracle Corporation"/>
    <property name="java.home" value="D:\Program Files\Java\jdk1.8.0_152\jre"/>
    <property name="basedir" value="D:\l\JavaWordspace_new\exchangeRateConvert"/>
    <property name="file.separator" value="\"/>
    <property name="line.separator" value="&#10;"/>
    <property name="java.vm.specification.vendor" value="Oracle Corporation"/>
    <property name="java.specification.name" value="Java Platform API Specification"/>
    <property name="java.awt.graphicsenv" value="sun.awt.Win32GraphicsEnvironment"/>
    <property name="surefire.real.class.path" value="C:\Users\l\AppData\Local\Temp\surefire2523589482720678204\surefirebooter5362355876942293829.jar"/>
    <property name="sun.boot.class.path" value="D:\Program Files\Java\jdk1.8.0_152\jre\lib\resources.jar;D:\Program Files\Java\jdk1.8.0_152\jre\lib\rt.jar;D:\Program Files\Java\jdk1.8.0_152\jre\lib\sunrsasign.jar;D:\Program Files\Java\jdk1.8.0_152\jre\lib\jsse.jar;D:\Program Files\Java\jdk1.8.0_152\jre\lib\jce.jar;D:\Program Files\Java\jdk1.8.0_152\jre\lib\charsets.jar;D:\Program Files\Java\jdk1.8.0_152\jre\lib\jfr.jar;D:\Program Files\Java\jdk1.8.0_152\jre\classes"/>
    <property name="user.script" value=""/>
    <property name="sun.management.compiler" value="HotSpot 64-Bit Tiered Compilers"/>
    <property name="java.runtime.version" value="1.8.0_152-b16"/>
    <property name="user.name" value="l"/>
    <property name="path.separator" value=";"/>
    <property name="os.version" value="10.0"/>
    <property name="java.endorsed.dirs" value="D:\Program Files\Java\jdk1.8.0_152\jre\lib\endorsed"/>
    <property name="java.runtime.name" value="Java(TM) SE Runtime Environment"/>
    <property name="file.encoding" value="GBK"/>
    <property name="java.vm.name" value="Java HotSpot(TM) 64-Bit Server VM"/>
    <property name="localRepository" value="D:\l\mavenpack"/>
    <property name="java.vendor.url.bug" value="http://bugreport.sun.com/bugreport/"/>
    <property name="java.io.tmpdir" value="C:\Users\l\AppData\Local\Temp\"/>
    <property name="java.version" value="1.8.0_152"/>
    <property name="user.dir" value="D:\l\JavaWordspace_new\exchangeRateConvert"/>
    <property name="os.arch" value="amd64"/>
    <property name="java.vm.specification.name" value="Java Virtual Machine Specification"/>
    <property name="java.awt.printerjob" value="sun.awt.windows.WPrinterJob"/>
    <property name="sun.os.patch.level" value=""/>
    <property name="java.library.path" value="D:\Program Files\Java\jdk1.8.0_152\jre\bin;C:\Windows\Sun\Java\bin;C:\Windows\system32;C:\Windows;D:\Program Files\Java\jdk1.8.0_152\jre\bin;C:/Development/eclipse//plugins/org.eclipse.justj.openjdk.hotspot.jre.full.win32.x86_64_15.0.2.v20210201-0955/jre/bin/server;C:/Development/eclipse//plugins/org.eclipse.justj.openjdk.hotspot.jre.full.win32.x86_64_15.0.2.v20210201-0955/jre/bin;D:\app\l\product\11.2.0\dbhome_2\bin;D:\app\l\product\11.2.0\dbhome_1\bin;D:\Program Files (x86)\NetSarang\Xshell 6\;D:\Program Files (x86)\NetSarang\Xftp 6\;C:\Program Files (x86)\Common Files\Oracle\Java\javapath;C:\Program Files (x86)\Common Files\NetSarang;C:\ProgramData\Oracle\Java\javapath;C:\Windows\system32;C:\Windows;C:\Windows\System32\Wbem;C:\Windows\System32\WindowsPowerShell\v1.0\;C:\Windows\System32\OpenSSH\;C:\Program Files (x86)\Intel\Intel(R) Management Engine Components\DAL;C:\Program Files\Intel\Intel(R) Management Engine Components\DAL;C:\Program Files\Intel\WiFi\bin\;C:\Program Files\Common Files\Intel\WirelessCommon\;D:\Program Files\TortoiseSVN\bin;D:\Program Files\nodejs\;D:\Program Files\TortoiseGit\bin;D:\ffmpeg-win64\bin;D:\Program Files (x86)\Yarn\bin\;C:\Program Files\dotnet\;D:\JobDir\thirdParty\sonar-runner-2.3\bin;D:\Program Files\Sencha\Cmd\6.0.2.14/..;D:\Program Files\Java\jdk1.8.0_152\bin;D:\Program Files\ToadforOracle12\instantclient_11_2;C:\Development\eclipse_plugins\apache-maven-3.2.1\bin;C:\Users\l\AppData\Local\Microsoft\WindowsApps;D:\Program Files\Git\cmd;C:\Program Files\Bandizip\;C:\Development\protobuf;C:\Users\l\AppData\Roaming\npm;C:\Development\JSDOC;D:\l\nodejs;D:\l\nodejs\node_modules;D:\l\nodejs\node_modules\npm\node_global_modules;C:\Python27;C:\Users\l\AppData\Local\Yarn\bin;D:\Programs\Fiddler;D:\Program Files\ToadforOracle12\instantclient_19_6;C:\Users\l\.dotnet\tools;;C:\Users\l\AppData\Local\Microsoft\WindowsApps;C:\Development\eclipse;;."/>
    <property name="java.vm.info" value="mixed mode"/>
    <property name="java.vendor" value="Oracle Corporation"/>
    <property name="java.vm.version" value="25.152-b16"/>
    <property name="java.ext.dirs" value="D:\Program Files\Java\jdk1.8.0_152\jre\lib\ext;C:\Windows\Sun\Java\lib\ext"/>
    <property name="sun.io.unicode.encoding" value="UnicodeLittle"/>
    <property name="java.class.version" value="52.0"/>
  </properties>
</testsuite>